<?xml version="1.0" encoding="UTF-8"?>
<testng-results ignored="0" total="1" passed="1" failed="0" skipped="0">
  <reporter-output>
  </reporter-output>
  <suite started-at="2023-03-31T18:02:34 IST" name="Default suite" finished-at="2023-03-31T18:02:47 IST" duration-ms="12957">
    <groups>
    </groups>
    <test started-at="2023-03-31T18:02:34 IST" name="Default test" finished-at="2023-03-31T18:02:47 IST" duration-ms="12957">
      <class name="demogit.Website">
        <test-method signature="xyz()[pri:0, instance:demogit.Website@576d5deb]" started-at="2023-03-31T18:02:34 IST" name="xyz" finished-at="2023-03-31T18:02:47 IST" duration-ms="12847" status="PASS">
          <reporter-output>
          </reporter-output>
        </test-method> <!-- xyz -->
      </class> <!-- demogit.Website -->
    </test> <!-- Default test -->
  </suite> <!-- Default suite -->
</testng-results>
